app/build/outputs/logs/manifest-merger-debug-report.txt
-- Merging decision tree log ---
manifest
ADDED from AndroidManifest.xml:2:1
	xmlns:android
		ADDED from AndroidManifest.xml:2:11
	package
		ADDED from AndroidManifest.xml:3:5
		INJECTED from AndroidManifest.xml:0:0
		INJECTED from AndroidManifest.xml:0:0
	android:versionName
		ADDED from AndroidManifest.xml:5:5
	android:versionCode
		ADDED from AndroidManifest.xml:4:5
		INJECTED from AndroidManifest.xml:0:0
		INJECTED from AndroidManifest.xml:0:0
uses-sdk
ADDED from AndroidManifest.xml:7:5
MERGED from com.android.support:appcompat-v7:21.0.3:15:5
MERGED from com.android.support:support-v4:21.0.3:15:5
	android:targetSdkVersion
		ADDED from AndroidManifest.xml:9:9
		INJECTED from AndroidManifest.xml:0:0
		INJECTED from AndroidManifest.xml:0:0
	android:minSdkVersion
		ADDED from AndroidManifest.xml:8:9
		INJECTED from AndroidManifest.xml:0:0
		INJECTED from AndroidManifest.xml:0:0
uses-permission#android.permission.RECEIVE_BOOT_COMPLETED
ADDED from AndroidManifest.xml:11:5
	android:name
		ADDED from AndroidManifest.xml:11:22
uses-permission#android.permission.WRITE_SETTINGS
ADDED from AndroidManifest.xml:12:5
	android:name
		ADDED from AndroidManifest.xml:12:22
uses-permission#android.permission.WRITE_EXTERNAL_STORAGE
ADDED from AndroidManifest.xml:13:5
	android:name
		ADDED from AndroidManifest.xml:13:22
uses-permission#android.permission.READ_PHONE_STATE
ADDED from AndroidManifest.xml:14:5
	android:name
		ADDED from AndroidManifest.xml:14:22
uses-permission#android.permission.READ_EXTERNAL_STORAGE
ADDED from AndroidManifest.xml:15:5
	android:maxSdkVersion
		ADDED from AndroidManifest.xml:17:9
	android:name
		ADDED from AndroidManifest.xml:16:9
application
ADDED from AndroidManifest.xml:19:5
MERGED from com.android.support:appcompat-v7:21.0.3:16:5
MERGED from com.android.support:support-v4:21.0.3:16:5
	android:label
		ADDED from AndroidManifest.xml:21:9
	android:icon
		ADDED from AndroidManifest.xml:20:9
activity#in.finalproj.android.gestureTrainer.GestureTrainer
ADDED from AndroidManifest.xml:22:9
	android:screenOrientation
		ADDED from AndroidManifest.xml:26:13
	android:label
		ADDED from AndroidManifest.xml:25:13
	android:configChanges
		ADDED from AndroidManifest.xml:24:13
	android:name
		ADDED from AndroidManifest.xml:23:13
intent-filter#android.intent.action.MAIN+android.intent.category.LAUNCHER
ADDED from AndroidManifest.xml:27:13
action#android.intent.action.MAIN
ADDED from AndroidManifest.xml:28:17
	android:name
		ADDED from AndroidManifest.xml:28:25
category#android.intent.category.LAUNCHER
ADDED from AndroidManifest.xml:30:17
	android:name
		ADDED from AndroidManifest.xml:30:27
service#in.finalproj.gestures.GestureRecognitionService
ADDED from AndroidManifest.xml:34:9
	android:label
		ADDED from AndroidManifest.xml:37:13
	android:process
		ADDED from AndroidManifest.xml:38:13
	android:enabled
		ADDED from AndroidManifest.xml:36:13
	android:name
		ADDED from AndroidManifest.xml:35:13
intent-filter#in.finalproj.gestures.GESTURE_RECOGNIZER
ADDED from AndroidManifest.xml:39:13
action#in.finalproj.gestures.GESTURE_RECOGNIZER
ADDED from AndroidManifest.xml:40:17
	android:name
		ADDED from AndroidManifest.xml:40:25
activity#in.finalproj.android.gestureTrainer.GestureOverview
ADDED from AndroidManifest.xml:44:9
	android:name
		ADDED from AndroidManifest.xml:44:19
activity#in.finalproj.android.gestureTrainer.GestureView
ADDED from AndroidManifest.xml:45:9
	android:name
		ADDED from AndroidManifest.xml:45:19